


ARM Macro Assembler    Page 1 


    1 00000000         
    2 00000000         
    3 00000000 00000400 
                       Stack_Size
                               EQU              0x00000400
    4 00000000         
    5 00000000 2001FFFC 
                       __initial_sp
                               EQU              0x2001FFFC
    6 00000000         
    7 00000000 00000C00 
                       Heap_Size
                               EQU              0x00000C00
    8 00000000         
    9 00000000 01000000 
                       Boot_Base_Address
                               EQU              0x01000000
   10 00000000         
   11 00000000         
   12 00000000         
   13 00000000                 PRESERVE8
   14 00000000                 THUMB
   15 00000000         
   16 00000000         
   17 00000000         ; Vector Table Mapped to Address 0 at Reset
   18 00000000         
   19 00000000                 AREA             RESET, DATA, READONLY
   20 00000000                 EXPORT           __Vectors
   21 00000000                 EXPORT           __Vectors_End
   22 00000000                 EXPORT           __Vectors_Size
   23 00000000         
   24 00000000 2001FFFC 
                       __Vectors
                               DCD              __initial_sp ; Top of Stack
   25 00000004 00000000        DCD              Reset_Handler ; Reset Handler
   26 00000008 00000000        DCD              NMI_Handler ; NMI Handler
   27 0000000C 00000000        DCD              HardFault_Handler ; Hard Fault 
                                                            Handler
   28 00000010 00000000        DCD              0           ; Reserved
   29 00000014 00000000        DCD              0           ; Reserved
   30 00000018 00000000        DCD              0           ; Reserved
   31 0000001C 00000000        DCD              0           ; Reserved
   32 00000020 00000000        DCD              0           ; Reserved
   33 00000024 00000000        DCD              0           ; Reserved
   34 00000028 00000000        DCD              0           ; Reserved
   35 0000002C 00000000        DCD              SVC_Handler ; SVCall Handler
   36 00000030 00000000        DCD              0           ; Reserved
   37 00000034 00000000        DCD              0           ; Reserved
   38 00000038 00000000        DCD              PendSV_Handler ; PendSV Handler
                                                            
   39 0000003C 00000000        DCD              SysTick_Handler 
                                                            ; SysTick Handler
   40 00000040         
   41 00000040         ; External Interrupts
   42 00000040 00000000        DCD              WDT_IRQHandler ;  0:  Watchdog 
                                                            Timer
   43 00000044 00000000        DCD              RTC_IRQHandler ;  1:  Real Time
                                                             Clock
   44 00000048 00000000        DCD              TIM0_IRQHandler ;  2:  Timer0 /



ARM Macro Assembler    Page 2 


                                                             Timer1
   45 0000004C 00000000        DCD              TIM2_IRQHandler ;  3:  Timer2 /
                                                             Timer3
   46 00000050 00000000        DCD              MCIA_IRQHandler ;  4:  MCIa
   47 00000054 00000000        DCD              MCIB_IRQHandler ;  5:  MCIb
   48 00000058 00000000        DCD              UART0_IRQHandler ;  6:  UART0 -
                                                             DUT FPGA
   49 0000005C 00000000        DCD              UART1_IRQHandler ;  7:  UART1 -
                                                             DUT FPGA
   50 00000060 00000000        DCD              UART2_IRQHandler ;  8:  UART2 -
                                                             DUT FPGA
   51 00000064 00000000        DCD              UART4_IRQHandler ;  9:  UART4 -
                                                             not connected
   52 00000068 00000000        DCD              AACI_IRQHandler 
                                                            ; 10: AACI / AC97
   53 0000006C 00000000        DCD              CLCD_IRQHandler ; 11: CLCD Comb
                                                            ined Interrupt
   54 00000070 00000000        DCD              ENET_IRQHandler ; 12: Ethernet
   55 00000074 00000000        DCD              USBDC_IRQHandler 
                                                            ; 13: USB Device
   56 00000078 00000000        DCD              USBHC_IRQHandler ; 14: USB Host
                                                             Controller
   57 0000007C 00000000        DCD              CHLCD_IRQHandler 
                                                            ; 15: Character LCD
                                                            
   58 00000080 00000000        DCD              FLEXRAY_IRQHandler 
                                                            ; 16: Flexray
   59 00000084 00000000        DCD              CAN_IRQHandler ; 17: CAN
   60 00000088 00000000        DCD              LIN_IRQHandler ; 18: LIN
   61 0000008C 00000000        DCD              I2C_IRQHandler 
                                                            ; 19: I2C ADC/DAC
   62 00000090 00000000        DCD              0           ; 20: Reserved
   63 00000094 00000000        DCD              0           ; 21: Reserved
   64 00000098 00000000        DCD              0           ; 22: Reserved
   65 0000009C 00000000        DCD              0           ; 23: Reserved
   66 000000A0 00000000        DCD              0           ; 24: Reserved
   67 000000A4 00000000        DCD              0           ; 25: Reserved
   68 000000A8 00000000        DCD              0           ; 26: Reserved
   69 000000AC 00000000        DCD              0           ; 27: Reserved
   70 000000B0 00000000        DCD              CPU_CLCD_IRQHandler ; 28: Reser
                                                            ved - CPU FPGA CLCD
                                                            
   71 000000B4 00000000        DCD              0           ; 29: Reserved - CP
                                                            U FPGA
   72 000000B8 00000000        DCD              UART3_IRQHandler ; 30: UART3   
                                                             - CPU FPGA
   73 000000BC 00000000        DCD              SPI_IRQHandler ; 31: SPI Touchs
                                                            creen - CPU FPGA
   74 000000C0         __Vectors_End
   75 000000C0         
   76 000000C0 000000C0 
                       __Vectors_Size
                               EQU              __Vectors_End - __Vectors
   77 000000C0         
   78 000000C0                 AREA             |.text|, CODE, READONLY
   79 00000000         
   80 00000000         
   81 00000000         ; Reset Handler
   82 00000000         



ARM Macro Assembler    Page 3 


   83 00000000         Reset_Handler
                               PROC
   84 00000000                 EXPORT           Reset_Handler             [WEAK
]
   85 00000000                 IMPORT           SystemInit
   86 00000000                 IMPORT           __main
   87 00000000                 IMPORT           ConfigMpu
   88 00000000 4823            LDR              R0, =SystemInit
   89 00000002 4780            BLX              R0
   90 00000004 4823            LDR              R0, =ConfigMpu
   91 00000006 4780            BLX              R0
   92 00000008 4823            LDR              R0, =Boot_Base_Address
   93 0000000A         ;set process stack pointer with the user code stack poin
                       ter
   94 0000000A 6801            LDR              R1, [R0, #0]
   95 0000000C F381 8809       MSR              PSP, R1
   96 00000010         ;get user code's reset vector
   97 00000010 6841            LDR              R1, [R0, #4]
   98 00000012         ;select PSP
   99 00000012 2002            MOVS             R0,#2
  100 00000014 F380 8814       MSR              CONTROL, R0
  101 00000018         ;switch to user mode
  102 00000018 2000            MOVS             R0,#0
  103 0000001A DF00            SVC              0
  104 0000001C                 ENDP
  105 0000001C         
  106 0000001C         
  107 0000001C         ; Dummy Exception Handlers (infinite loops which can be 
                       modified)
  108 0000001C         
  109 0000001C         NMI_Handler
                               PROC
  110 0000001C                 EXPORT           NMI_Handler               [WEAK
]
  111 0000001C E7FE            B                .
  112 0000001E                 ENDP
  114 0000001E         HardFault_Handler
                               PROC
  115 0000001E                 EXPORT           HardFault_Handler         [WEAK
]
  116 0000001E E7FE            B                .
  117 00000020                 ENDP
  118 00000020 FFFFFFF1 
                       EXC_RETURN_HANDLER_MSP
                               EQU              0xFFFFFFF1
  119 00000020 FFFFFFF9 
                       EXC_RETURN_THREAD_MSP
                               EQU              0xFFFFFFF9
  120 00000020 FFFFFFFD 
                       EXC_RETURN_THREAD_PSP
                               EQU              0xFFFFFFFD
  121 00000020         
  122 00000020         
  123 00000020         ;assume we always call while using PSP
  124 00000020         SVC_Handler
                               PROC
  125 00000020                 EXPORT           SVC_Handler
  126 00000020                 IMPORT           SAPI_AesEncryptDirect
  127 00000020                 IMPORT           SAPI_AesDecryptDirect



ARM Macro Assembler    Page 4 


  128 00000020                 IMPORT           SAPI_AesDecryptDirectKey2
  129 00000020         
  130 00000020 B5F0            PUSH             {R4-R7,LR}
  131 00000022 4644            MOV              R4,R8
  132 00000024 464D            MOV              R5,R9
  133 00000026 4656            MOV              R6,R10
  134 00000028 465F            MOV              R7,R11
  135 0000002A B4F0            PUSH             {R4-R7}
  136 0000002C         
  137 0000002C 2403            MOVS             R4, #0x03
  138 0000002E 4020            ANDS             R0, R4
  139 00000030 0080            LSLS             R0, #2
  140 00000032 4C1A            LDR              R4, =SVC_Handler_vectors
  141 00000034 5820            LDR              R0, [R4, R0]
  142 00000036 4780            BLX              R0
  143 00000038         
  144 00000038         SVC_Handler_exit
  145 00000038         ;restore caller context
  146 00000038 BCF0            POP              {R4-R7}
  147 0000003A 46A0            MOV              R8,R4
  148 0000003C 46A9            MOV              R9,R5
  149 0000003E 46B2            MOV              R10,R6
  150 00000040 46BB            MOV              R11,R7
  151 00000042         ;jump to user mode
  152 00000042 BDF0            POP              {R4-R7, PC}
  153 00000044         
  154 00000044                 ALIGN            4
  155 00000044         SVC_Handler_vectors
  156 00000044 00000000        DCD              switch_to_user_mode
  157 00000048 00000000        DCD              SAPI_AesEncryptDirect
  158 0000004C 00000000        DCD              SAPI_AesDecryptDirect
  159 00000050 00000000        DCD              SAPI_AesDecryptDirectKey2
  160 00000054 00000000        DCD              HardFault_Handler
  161 00000058 00000000        DCD              HardFault_Handler
  162 0000005C 00000000        DCD              HardFault_Handler
  163 00000060 00000000        DCD              HardFault_Handler
  164 00000064 00000000        DCD              HardFault_Handler
  165 00000068         
  166 00000068         
  167 00000068         
  168 00000068         switch_to_user_mode
  169 00000068         ;switch to user mode and jump to address in r1
  170 00000068         ;assume it is called from privileged mode 
  171 00000068         ;caller must use the stack pointer desired for user mode
                                    
  172 00000068         ;replace return address in stack
  173 00000068 F3EF 8209       MRS              R2,PSP
  174 0000006C 6191            STR              R1,[R2,#0x18]
  175 0000006E         ;erase saved R0~R3,R12,LR and xPSR values
  176 0000006E 2000            MOVS             R0,#0
  177 00000070 6010            STR              R0,[R2,#0x00]
  178 00000072 6050            STR              R0,[R2,#0x04]
  179 00000074 6090            STR              R0,[R2,#0x08]
  180 00000076 60D0            STR              R0,[R2,#0x0C]
  181 00000078 6110            STR              R0,[R2,#0x10]
  182 0000007A 6150            STR              R0,[R2,#0x14]
  183 0000007C 4806            LDR              R0,=0x01000000
  184 0000007E 61D0            STR              R0,[R2,#0x1C]
  185 00000080         



ARM Macro Assembler    Page 5 


  186 00000080         ;set user mode (effective only after return to thread mo
                       de)
  187 00000080         ;( stack selection irrelevant as it is fixed by EXC_RETU
                       RN )
  188 00000080 2103            MOVS             R1,#3
  189 00000082 F381 8814       MSR              CONTROL, R1
  190 00000086         
  191 00000086         ;ready for jumping to user mode (done by SVC_Handler_exi
                       t final instruction)
  192 00000086 4770            BX               LR
  193 00000088         
  194 00000088                 ENDP
  195 00000088         
  196 00000088         PendSV_Handler
                               PROC
  197 00000088                 EXPORT           PendSV_Handler            [WEAK
]
  198 00000088 E7FE            B                .
  199 0000008A                 ENDP
  200 0000008A         SysTick_Handler
                               PROC
  201 0000008A                 EXPORT           SysTick_Handler           [WEAK
]
  202 0000008A E7FE            B                .
  203 0000008C                 ENDP
  204 0000008C         
  205 0000008C         Default_Handler
                               PROC
  206 0000008C         
  207 0000008C                 EXPORT           WDT_IRQHandler            [WEAK
]
  208 0000008C                 EXPORT           RTC_IRQHandler            [WEAK
]
  209 0000008C                 EXPORT           TIM0_IRQHandler           [WEAK
]
  210 0000008C                 EXPORT           TIM2_IRQHandler           [WEAK
]
  211 0000008C                 EXPORT           MCIA_IRQHandler           [WEAK
]
  212 0000008C                 EXPORT           MCIB_IRQHandler           [WEAK
]
  213 0000008C                 EXPORT           UART0_IRQHandler          [WEAK
]
  214 0000008C                 EXPORT           UART1_IRQHandler          [WEAK
]
  215 0000008C                 EXPORT           UART2_IRQHandler          [WEAK
]
  216 0000008C                 EXPORT           UART3_IRQHandler          [WEAK
]
  217 0000008C                 EXPORT           UART4_IRQHandler          [WEAK
]
  218 0000008C                 EXPORT           AACI_IRQHandler           [WEAK
]
  219 0000008C                 EXPORT           CLCD_IRQHandler           [WEAK
]
  220 0000008C                 EXPORT           ENET_IRQHandler           [WEAK
]
  221 0000008C                 EXPORT           USBDC_IRQHandler          [WEAK
]



ARM Macro Assembler    Page 6 


  222 0000008C                 EXPORT           USBHC_IRQHandler          [WEAK
]
  223 0000008C                 EXPORT           CHLCD_IRQHandler          [WEAK
]
  224 0000008C                 EXPORT           FLEXRAY_IRQHandler        [WEAK
]
  225 0000008C                 EXPORT           CAN_IRQHandler            [WEAK
]
  226 0000008C                 EXPORT           LIN_IRQHandler            [WEAK
]
  227 0000008C                 EXPORT           I2C_IRQHandler            [WEAK
]
  228 0000008C                 EXPORT           CPU_CLCD_IRQHandler       [WEAK
]
  229 0000008C                 EXPORT           SPI_IRQHandler            [WEAK
]
  230 0000008C         
  231 0000008C         WDT_IRQHandler
  232 0000008C         RTC_IRQHandler
  233 0000008C         TIM0_IRQHandler
  234 0000008C         TIM2_IRQHandler
  235 0000008C         MCIA_IRQHandler
  236 0000008C         MCIB_IRQHandler
  237 0000008C         UART0_IRQHandler
  238 0000008C         UART1_IRQHandler
  239 0000008C         UART2_IRQHandler
  240 0000008C         UART3_IRQHandler
  241 0000008C         UART4_IRQHandler
  242 0000008C         AACI_IRQHandler
  243 0000008C         CLCD_IRQHandler
  244 0000008C         ENET_IRQHandler
  245 0000008C         USBDC_IRQHandler
  246 0000008C         USBHC_IRQHandler
  247 0000008C         CHLCD_IRQHandler
  248 0000008C         FLEXRAY_IRQHandler
  249 0000008C         CAN_IRQHandler
  250 0000008C         LIN_IRQHandler
  251 0000008C         I2C_IRQHandler
  252 0000008C         CPU_CLCD_IRQHandler
  253 0000008C         SPI_IRQHandler
  254 0000008C E7FE            B                .
  255 0000008E         
  256 0000008E                 ENDP
  257 0000008E         
  258 0000008E         
  259 0000008E 00 00           ALIGN
  260 00000090         
  261 00000090                 END
              00000000 
              00000000 
              01000000 
              00000000 
Command Line: --debug --xref --diag_suppress=9931 --cpu=Cortex-M0+ --apcs=inter
work --depend=.\objects\startup.d -o.\objects\startup.o -IC:\Users\sebastien\Do
cuments\dev\cm0-supervisor-demo\cm0-supervisor\supervisor\RTE -IC:\Keil_v5\ARM\
PACK\ARM\CMSIS\4.3.0\CMSIS\Include -IC:\Keil_v5\ARM\PACK\ARM\CMSIS\4.3.0\Device
\ARM\ARMCM0plus\Include --predefine="__EVAL SETA 1" --predefine="__UVISION_VERS
ION SETA 515" --predefine="_RTE_ SETA 1" --predefine="ARMCM0P SETA 1" --list=.\
listings\startup.lst startup.s



ARM Macro Assembler    Page 1 Alphabetic symbol ordering
Relocatable symbols

RESET 00000000

Symbol: RESET
   Definitions
      At line 19 in file startup.s
   Uses
      None
Comment: RESET unused
__Vectors 00000000

Symbol: __Vectors
   Definitions
      At line 24 in file startup.s
   Uses
      At line 20 in file startup.s
      At line 76 in file startup.s

__Vectors_End 000000C0

Symbol: __Vectors_End
   Definitions
      At line 74 in file startup.s
   Uses
      At line 21 in file startup.s
      At line 76 in file startup.s

3 symbols



ARM Macro Assembler    Page 1 Alphabetic symbol ordering
Relocatable symbols

.text 00000000

Symbol: .text
   Definitions
      At line 78 in file startup.s
   Uses
      None
Comment: .text unused
AACI_IRQHandler 0000008C

Symbol: AACI_IRQHandler
   Definitions
      At line 242 in file startup.s
   Uses
      At line 52 in file startup.s
      At line 218 in file startup.s

CAN_IRQHandler 0000008C

Symbol: CAN_IRQHandler
   Definitions
      At line 249 in file startup.s
   Uses
      At line 59 in file startup.s
      At line 225 in file startup.s

CHLCD_IRQHandler 0000008C

Symbol: CHLCD_IRQHandler
   Definitions
      At line 247 in file startup.s
   Uses
      At line 57 in file startup.s
      At line 223 in file startup.s

CLCD_IRQHandler 0000008C

Symbol: CLCD_IRQHandler
   Definitions
      At line 243 in file startup.s
   Uses
      At line 53 in file startup.s
      At line 219 in file startup.s

CPU_CLCD_IRQHandler 0000008C

Symbol: CPU_CLCD_IRQHandler
   Definitions
      At line 252 in file startup.s
   Uses
      At line 70 in file startup.s
      At line 228 in file startup.s

Default_Handler 0000008C

Symbol: Default_Handler
   Definitions
      At line 205 in file startup.s
   Uses



ARM Macro Assembler    Page 2 Alphabetic symbol ordering
Relocatable symbols

      None
Comment: Default_Handler unused
ENET_IRQHandler 0000008C

Symbol: ENET_IRQHandler
   Definitions
      At line 244 in file startup.s
   Uses
      At line 54 in file startup.s
      At line 220 in file startup.s

FLEXRAY_IRQHandler 0000008C

Symbol: FLEXRAY_IRQHandler
   Definitions
      At line 248 in file startup.s
   Uses
      At line 58 in file startup.s
      At line 224 in file startup.s

HardFault_Handler 0000001E

Symbol: HardFault_Handler
   Definitions
      At line 114 in file startup.s
   Uses
      At line 27 in file startup.s
      At line 115 in file startup.s
      At line 160 in file startup.s
      At line 161 in file startup.s
      At line 162 in file startup.s
      At line 163 in file startup.s
      At line 164 in file startup.s

I2C_IRQHandler 0000008C

Symbol: I2C_IRQHandler
   Definitions
      At line 251 in file startup.s
   Uses
      At line 61 in file startup.s
      At line 227 in file startup.s

LIN_IRQHandler 0000008C

Symbol: LIN_IRQHandler
   Definitions
      At line 250 in file startup.s
   Uses
      At line 60 in file startup.s
      At line 226 in file startup.s

MCIA_IRQHandler 0000008C

Symbol: MCIA_IRQHandler
   Definitions
      At line 235 in file startup.s
   Uses
      At line 46 in file startup.s



ARM Macro Assembler    Page 3 Alphabetic symbol ordering
Relocatable symbols

      At line 211 in file startup.s

MCIB_IRQHandler 0000008C

Symbol: MCIB_IRQHandler
   Definitions
      At line 236 in file startup.s
   Uses
      At line 47 in file startup.s
      At line 212 in file startup.s

NMI_Handler 0000001C

Symbol: NMI_Handler
   Definitions
      At line 109 in file startup.s
   Uses
      At line 26 in file startup.s
      At line 110 in file startup.s

PendSV_Handler 00000088

Symbol: PendSV_Handler
   Definitions
      At line 196 in file startup.s
   Uses
      At line 38 in file startup.s
      At line 197 in file startup.s

RTC_IRQHandler 0000008C

Symbol: RTC_IRQHandler
   Definitions
      At line 232 in file startup.s
   Uses
      At line 43 in file startup.s
      At line 208 in file startup.s

Reset_Handler 00000000

Symbol: Reset_Handler
   Definitions
      At line 83 in file startup.s
   Uses
      At line 25 in file startup.s
      At line 84 in file startup.s

SPI_IRQHandler 0000008C

Symbol: SPI_IRQHandler
   Definitions
      At line 253 in file startup.s
   Uses
      At line 73 in file startup.s
      At line 229 in file startup.s

SVC_Handler 00000020

Symbol: SVC_Handler



ARM Macro Assembler    Page 4 Alphabetic symbol ordering
Relocatable symbols

   Definitions
      At line 124 in file startup.s
   Uses
      At line 35 in file startup.s
      At line 125 in file startup.s

SVC_Handler_exit 00000038

Symbol: SVC_Handler_exit
   Definitions
      At line 144 in file startup.s
   Uses
      None
Comment: SVC_Handler_exit unused
SVC_Handler_vectors 00000044

Symbol: SVC_Handler_vectors
   Definitions
      At line 155 in file startup.s
   Uses
      At line 140 in file startup.s
Comment: SVC_Handler_vectors used once
SysTick_Handler 0000008A

Symbol: SysTick_Handler
   Definitions
      At line 200 in file startup.s
   Uses
      At line 39 in file startup.s
      At line 201 in file startup.s

TIM0_IRQHandler 0000008C

Symbol: TIM0_IRQHandler
   Definitions
      At line 233 in file startup.s
   Uses
      At line 44 in file startup.s
      At line 209 in file startup.s

TIM2_IRQHandler 0000008C

Symbol: TIM2_IRQHandler
   Definitions
      At line 234 in file startup.s
   Uses
      At line 45 in file startup.s
      At line 210 in file startup.s

UART0_IRQHandler 0000008C

Symbol: UART0_IRQHandler
   Definitions
      At line 237 in file startup.s
   Uses
      At line 48 in file startup.s
      At line 213 in file startup.s

UART1_IRQHandler 0000008C



ARM Macro Assembler    Page 5 Alphabetic symbol ordering
Relocatable symbols


Symbol: UART1_IRQHandler
   Definitions
      At line 238 in file startup.s
   Uses
      At line 49 in file startup.s
      At line 214 in file startup.s

UART2_IRQHandler 0000008C

Symbol: UART2_IRQHandler
   Definitions
      At line 239 in file startup.s
   Uses
      At line 50 in file startup.s
      At line 215 in file startup.s

UART3_IRQHandler 0000008C

Symbol: UART3_IRQHandler
   Definitions
      At line 240 in file startup.s
   Uses
      At line 72 in file startup.s
      At line 216 in file startup.s

UART4_IRQHandler 0000008C

Symbol: UART4_IRQHandler
   Definitions
      At line 241 in file startup.s
   Uses
      At line 51 in file startup.s
      At line 217 in file startup.s

USBDC_IRQHandler 0000008C

Symbol: USBDC_IRQHandler
   Definitions
      At line 245 in file startup.s
   Uses
      At line 55 in file startup.s
      At line 221 in file startup.s

USBHC_IRQHandler 0000008C

Symbol: USBHC_IRQHandler
   Definitions
      At line 246 in file startup.s
   Uses
      At line 56 in file startup.s
      At line 222 in file startup.s

WDT_IRQHandler 0000008C

Symbol: WDT_IRQHandler
   Definitions
      At line 231 in file startup.s
   Uses



ARM Macro Assembler    Page 6 Alphabetic symbol ordering
Relocatable symbols

      At line 42 in file startup.s
      At line 207 in file startup.s

switch_to_user_mode 00000068

Symbol: switch_to_user_mode
   Definitions
      At line 168 in file startup.s
   Uses
      At line 156 in file startup.s
Comment: switch_to_user_mode used once
34 symbols



ARM Macro Assembler    Page 1 Alphabetic symbol ordering
Absolute symbols

Boot_Base_Address 01000000

Symbol: Boot_Base_Address
   Definitions
      At line 9 in file startup.s
   Uses
      At line 92 in file startup.s
Comment: Boot_Base_Address used once
EXC_RETURN_HANDLER_MSP FFFFFFF1

Symbol: EXC_RETURN_HANDLER_MSP
   Definitions
      At line 118 in file startup.s
   Uses
      None
Comment: EXC_RETURN_HANDLER_MSP unused
EXC_RETURN_THREAD_MSP FFFFFFF9

Symbol: EXC_RETURN_THREAD_MSP
   Definitions
      At line 119 in file startup.s
   Uses
      None
Comment: EXC_RETURN_THREAD_MSP unused
EXC_RETURN_THREAD_PSP FFFFFFFD

Symbol: EXC_RETURN_THREAD_PSP
   Definitions
      At line 120 in file startup.s
   Uses
      None
Comment: EXC_RETURN_THREAD_PSP unused
Heap_Size 00000C00

Symbol: Heap_Size
   Definitions
      At line 7 in file startup.s
   Uses
      None
Comment: Heap_Size unused
Stack_Size 00000400

Symbol: Stack_Size
   Definitions
      At line 3 in file startup.s
   Uses
      None
Comment: Stack_Size unused
__Vectors_Size 000000C0

Symbol: __Vectors_Size
   Definitions
      At line 76 in file startup.s
   Uses
      At line 22 in file startup.s
Comment: __Vectors_Size used once
__initial_sp 2001FFFC

Symbol: __initial_sp



ARM Macro Assembler    Page 2 Alphabetic symbol ordering
Absolute symbols

   Definitions
      At line 5 in file startup.s
   Uses
      At line 24 in file startup.s
Comment: __initial_sp used once
8 symbols



ARM Macro Assembler    Page 1 Alphabetic symbol ordering
External symbols

ConfigMpu 00000000

Symbol: ConfigMpu
   Definitions
      At line 87 in file startup.s
   Uses
      At line 90 in file startup.s
Comment: ConfigMpu used once
SAPI_AesDecryptDirect 00000000

Symbol: SAPI_AesDecryptDirect
   Definitions
      At line 127 in file startup.s
   Uses
      At line 158 in file startup.s
Comment: SAPI_AesDecryptDirect used once
SAPI_AesDecryptDirectKey2 00000000

Symbol: SAPI_AesDecryptDirectKey2
   Definitions
      At line 128 in file startup.s
   Uses
      At line 159 in file startup.s
Comment: SAPI_AesDecryptDirectKey2 used once
SAPI_AesEncryptDirect 00000000

Symbol: SAPI_AesEncryptDirect
   Definitions
      At line 126 in file startup.s
   Uses
      At line 157 in file startup.s
Comment: SAPI_AesEncryptDirect used once
SystemInit 00000000

Symbol: SystemInit
   Definitions
      At line 85 in file startup.s
   Uses
      At line 88 in file startup.s
Comment: SystemInit used once
__main 00000000

Symbol: __main
   Definitions
      At line 86 in file startup.s
   Uses
      None
Comment: __main unused
6 symbols
387 symbols in table
